{"/Users/umitboragunaydin/Desktop/Eski Masaüstü/vitalis---elite-medical-dating/types.ts": {"path":"/Users/umitboragunaydin/Desktop/Eski Masaüstü/vitalis---elite-medical-dating/types.ts","statementMap":{"0":{"start":{"line":1,"column":7},"end":{"line":1,"column":null}},"1":{"start":{"line":2,"column":2},"end":{"line":2,"column":null}},"2":{"start":{"line":3,"column":2},"end":{"line":3,"column":null}},"3":{"start":{"line":4,"column":2},"end":{"line":4,"column":null}},"4":{"start":{"line":5,"column":2},"end":{"line":5,"column":null}},"5":{"start":{"line":6,"column":2},"end":{"line":6,"column":null}},"6":{"start":{"line":7,"column":2},"end":{"line":7,"column":null}},"7":{"start":{"line":8,"column":2},"end":{"line":8,"column":null}},"8":{"start":{"line":9,"column":2},"end":{"line":9,"column":null}},"9":{"start":{"line":10,"column":2},"end":{"line":10,"column":null}},"10":{"start":{"line":11,"column":2},"end":{"line":11,"column":null}},"11":{"start":{"line":12,"column":2},"end":{"line":12,"column":null}},"12":{"start":{"line":13,"column":2},"end":{"line":13,"column":null}},"13":{"start":{"line":14,"column":2},"end":{"line":14,"column":null}},"14":{"start":{"line":15,"column":2},"end":{"line":15,"column":null}},"15":{"start":{"line":1,"column":12},"end":{"line":1,"column":null}},"16":{"start":{"line":18,"column":7},"end":{"line":18,"column":null}},"17":{"start":{"line":19,"column":2},"end":{"line":19,"column":null}},"18":{"start":{"line":20,"column":2},"end":{"line":20,"column":null}},"19":{"start":{"line":21,"column":2},"end":{"line":21,"column":null}},"20":{"start":{"line":22,"column":2},"end":{"line":22,"column":null}},"21":{"start":{"line":23,"column":2},"end":{"line":23,"column":null}},"22":{"start":{"line":24,"column":2},"end":{"line":24,"column":null}},"23":{"start":{"line":25,"column":2},"end":{"line":25,"column":null}},"24":{"start":{"line":26,"column":2},"end":{"line":26,"column":null}},"25":{"start":{"line":18,"column":12},"end":{"line":18,"column":null}},"26":{"start":{"line":30,"column":66},"end":{"line":66,"column":null}},"27":{"start":{"line":68,"column":7},"end":{"line":68,"column":null}},"28":{"start":{"line":69,"column":2},"end":{"line":69,"column":null}},"29":{"start":{"line":70,"column":2},"end":{"line":70,"column":null}},"30":{"start":{"line":71,"column":2},"end":{"line":71,"column":null}},"31":{"start":{"line":68,"column":12},"end":{"line":68,"column":null}},"32":{"start":{"line":74,"column":7},"end":{"line":74,"column":null}},"33":{"start":{"line":75,"column":2},"end":{"line":75,"column":null}},"34":{"start":{"line":76,"column":2},"end":{"line":76,"column":null}},"35":{"start":{"line":77,"column":2},"end":{"line":77,"column":null}},"36":{"start":{"line":74,"column":12},"end":{"line":74,"column":null}},"37":{"start":{"line":80,"column":7},"end":{"line":80,"column":null}},"38":{"start":{"line":81,"column":2},"end":{"line":81,"column":null}},"39":{"start":{"line":82,"column":2},"end":{"line":82,"column":null}},"40":{"start":{"line":83,"column":2},"end":{"line":83,"column":null}},"41":{"start":{"line":84,"column":2},"end":{"line":84,"column":null}},"42":{"start":{"line":85,"column":2},"end":{"line":85,"column":null}},"43":{"start":{"line":80,"column":12},"end":{"line":80,"column":null}},"44":{"start":{"line":88,"column":7},"end":{"line":88,"column":null}},"45":{"start":{"line":89,"column":2},"end":{"line":89,"column":null}},"46":{"start":{"line":90,"column":2},"end":{"line":90,"column":null}},"47":{"start":{"line":91,"column":2},"end":{"line":91,"column":null}},"48":{"start":{"line":92,"column":2},"end":{"line":92,"column":null}},"49":{"start":{"line":88,"column":12},"end":{"line":88,"column":null}}},"fnMap":{"0":{"name":"(anonymous_0)","decl":{"start":{"line":1,"column":7},"end":{"line":1,"column":12}},"loc":{"start":{"line":1,"column":7},"end":{"line":1,"column":null}},"line":1},"1":{"name":"(anonymous_1)","decl":{"start":{"line":18,"column":7},"end":{"line":18,"column":12}},"loc":{"start":{"line":18,"column":7},"end":{"line":18,"column":null}},"line":18},"2":{"name":"(anonymous_2)","decl":{"start":{"line":68,"column":7},"end":{"line":68,"column":12}},"loc":{"start":{"line":68,"column":7},"end":{"line":68,"column":null}},"line":68},"3":{"name":"(anonymous_3)","decl":{"start":{"line":74,"column":7},"end":{"line":74,"column":12}},"loc":{"start":{"line":74,"column":7},"end":{"line":74,"column":null}},"line":74},"4":{"name":"(anonymous_4)","decl":{"start":{"line":80,"column":7},"end":{"line":80,"column":12}},"loc":{"start":{"line":80,"column":7},"end":{"line":80,"column":null}},"line":80},"5":{"name":"(anonymous_5)","decl":{"start":{"line":88,"column":7},"end":{"line":88,"column":12}},"loc":{"start":{"line":88,"column":7},"end":{"line":88,"column":null}},"line":88}},"branchMap":{"0":{"loc":{"start":{"line":1,"column":12},"end":{"line":1,"column":null}},"type":"binary-expr","locations":[{"start":{"line":1,"column":12},"end":{"line":1,"column":null}},{"start":{"line":1,"column":12},"end":{"line":1,"column":null}}],"line":1},"1":{"loc":{"start":{"line":18,"column":12},"end":{"line":18,"column":null}},"type":"binary-expr","locations":[{"start":{"line":18,"column":12},"end":{"line":18,"column":null}},{"start":{"line":18,"column":12},"end":{"line":18,"column":null}}],"line":18},"2":{"loc":{"start":{"line":68,"column":12},"end":{"line":68,"column":null}},"type":"binary-expr","locations":[{"start":{"line":68,"column":12},"end":{"line":68,"column":null}},{"start":{"line":68,"column":12},"end":{"line":68,"column":null}}],"line":68},"3":{"loc":{"start":{"line":74,"column":12},"end":{"line":74,"column":null}},"type":"binary-expr","locations":[{"start":{"line":74,"column":12},"end":{"line":74,"column":null}},{"start":{"line":74,"column":12},"end":{"line":74,"column":null}}],"line":74},"4":{"loc":{"start":{"line":80,"column":12},"end":{"line":80,"column":null}},"type":"binary-expr","locations":[{"start":{"line":80,"column":12},"end":{"line":80,"column":null}},{"start":{"line":80,"column":12},"end":{"line":80,"column":null}}],"line":80},"5":{"loc":{"start":{"line":88,"column":12},"end":{"line":88,"column":null}},"type":"binary-expr","locations":[{"start":{"line":88,"column":12},"end":{"line":88,"column":null}},{"start":{"line":88,"column":12},"end":{"line":88,"column":null}}],"line":88}},"s":{"0":4,"1":4,"2":4,"3":4,"4":4,"5":4,"6":4,"7":4,"8":4,"9":4,"10":4,"11":4,"12":4,"13":4,"14":4,"15":4,"16":4,"17":4,"18":4,"19":4,"20":4,"21":4,"22":4,"23":4,"24":4,"25":4,"26":4,"27":4,"28":4,"29":4,"30":4,"31":4,"32":4,"33":4,"34":4,"35":4,"36":4,"37":4,"38":4,"39":4,"40":4,"41":4,"42":4,"43":4,"44":4,"45":4,"46":4,"47":4,"48":4,"49":4},"f":{"0":4,"1":4,"2":4,"3":4,"4":4,"5":4},"b":{"0":[4,4],"1":[4,4],"2":[4,4],"3":[4,4],"4":[4,4],"5":[4,4]},"meta":{"lastBranch":6,"lastFunction":6,"lastStatement":50,"seen":{"s:1:7:1:Infinity":0,"f:1:7:1:12":0,"s:2:2:2:Infinity":1,"s:3:2:3:Infinity":2,"s:4:2:4:Infinity":3,"s:5:2:5:Infinity":4,"s:6:2:6:Infinity":5,"s:7:2:7:Infinity":6,"s:8:2:8:Infinity":7,"s:9:2:9:Infinity":8,"s:10:2:10:Infinity":9,"s:11:2:11:Infinity":10,"s:12:2:12:Infinity":11,"s:13:2:13:Infinity":12,"s:14:2:14:Infinity":13,"s:15:2:15:Infinity":14,"s:1:12:1:Infinity":15,"b:1:12:1:Infinity:1:12:1:Infinity":0,"s:18:7:18:Infinity":16,"f:18:7:18:12":1,"s:19:2:19:Infinity":17,"s:20:2:20:Infinity":18,"s:21:2:21:Infinity":19,"s:22:2:22:Infinity":20,"s:23:2:23:Infinity":21,"s:24:2:24:Infinity":22,"s:25:2:25:Infinity":23,"s:26:2:26:Infinity":24,"s:18:12:18:Infinity":25,"b:18:12:18:Infinity:18:12:18:Infinity":1,"s:30:66:66:Infinity":26,"s:68:7:68:Infinity":27,"f:68:7:68:12":2,"s:69:2:69:Infinity":28,"s:70:2:70:Infinity":29,"s:71:2:71:Infinity":30,"s:68:12:68:Infinity":31,"b:68:12:68:Infinity:68:12:68:Infinity":2,"s:74:7:74:Infinity":32,"f:74:7:74:12":3,"s:75:2:75:Infinity":33,"s:76:2:76:Infinity":34,"s:77:2:77:Infinity":35,"s:74:12:74:Infinity":36,"b:74:12:74:Infinity:74:12:74:Infinity":3,"s:80:7:80:Infinity":37,"f:80:7:80:12":4,"s:81:2:81:Infinity":38,"s:82:2:82:Infinity":39,"s:83:2:83:Infinity":40,"s:84:2:84:Infinity":41,"s:85:2:85:Infinity":42,"s:80:12:80:Infinity":43,"b:80:12:80:Infinity:80:12:80:Infinity":4,"s:88:7:88:Infinity":44,"f:88:7:88:12":5,"s:89:2:89:Infinity":45,"s:90:2:90:Infinity":46,"s:91:2:91:Infinity":47,"s:92:2:92:Infinity":48,"s:88:12:88:Infinity":49,"b:88:12:88:Infinity:88:12:88:Infinity":5}}}
,"/Users/umitboragunaydin/Desktop/Eski Masaüstü/vitalis---elite-medical-dating/components/LikesYouView.tsx": {"path":"/Users/umitboragunaydin/Desktop/Eski Masaüstü/vitalis---elite-medical-dating/components/LikesYouView.tsx","statementMap":{"0":{"start":{"line":12,"column":2},"end":{"line":12,"column":null}},"1":{"start":{"line":14,"column":59},"end":{"line":106,"column":null}},"2":{"start":{"line":15,"column":25},"end":{"line":15,"column":null}},"3":{"start":{"line":17,"column":2},"end":{"line":104,"column":null}},"4":{"start":{"line":42,"column":12},"end":{"line":87,"column":null}},"5":{"start":{"line":108,"column":28},"end":{"line":108,"column":null}}},"fnMap":{"0":{"name":"(anonymous_0)","decl":{"start":{"line":14,"column":59},"end":{"line":14,"column":60}},"loc":{"start":{"line":14,"column":106},"end":{"line":106,"column":null}},"line":14},"1":{"name":"(anonymous_1)","decl":{"start":{"line":41,"column":24},"end":{"line":41,"column":25}},"loc":{"start":{"line":42,"column":12},"end":{"line":87,"column":null}},"line":42}},"branchMap":{"0":{"loc":{"start":{"line":15,"column":25},"end":{"line":15,"column":null}},"type":"binary-expr","locations":[{"start":{"line":15,"column":25},"end":{"line":15,"column":52}},{"start":{"line":15,"column":52},"end":{"line":15,"column":null}}],"line":15},"1":{"loc":{"start":{"line":33,"column":9},"end":{"line":35,"column":null}},"type":"cond-expr","locations":[{"start":{"line":34,"column":12},"end":{"line":34,"column":null}},{"start":{"line":35,"column":12},"end":{"line":35,"column":null}}],"line":33},"2":{"loc":{"start":{"line":44,"column":23},"end":{"line":44,"column":null}},"type":"cond-expr","locations":[{"start":{"line":44,"column":41},"end":{"line":44,"column":58}},{"start":{"line":44,"column":58},"end":{"line":44,"column":null}}],"line":44},"3":{"loc":{"start":{"line":45,"column":128},"end":{"line":47,"column":null}},"type":"cond-expr","locations":[{"start":{"line":46,"column":20},"end":{"line":46,"column":null}},{"start":{"line":47,"column":20},"end":{"line":47,"column":null}}],"line":45},"4":{"loc":{"start":{"line":52,"column":21},"end":{"line":52,"column":null}},"type":"cond-expr","locations":[{"start":{"line":52,"column":38},"end":{"line":52,"column":58}},{"start":{"line":52,"column":58},"end":{"line":52,"column":null}}],"line":52},"5":{"loc":{"start":{"line":53,"column":21},"end":{"line":53,"column":null}},"type":"cond-expr","locations":[{"start":{"line":53,"column":38},"end":{"line":53,"column":50}},{"start":{"line":53,"column":50},"end":{"line":53,"column":null}}],"line":53},"6":{"loc":{"start":{"line":54,"column":85},"end":{"line":56,"column":null}},"type":"cond-expr","locations":[{"start":{"line":55,"column":22},"end":{"line":55,"column":null}},{"start":{"line":56,"column":22},"end":{"line":56,"column":null}}],"line":54},"7":{"loc":{"start":{"line":55,"column":58},"end":{"line":55,"column":97}},"type":"cond-expr","locations":[{"start":{"line":55,"column":76},"end":{"line":55,"column":88}},{"start":{"line":55,"column":88},"end":{"line":55,"column":97}}],"line":55},"8":{"loc":{"start":{"line":61,"column":96},"end":{"line":61,"column":null}},"type":"cond-expr","locations":[{"start":{"line":61,"column":114},"end":{"line":61,"column":134}},{"start":{"line":61,"column":134},"end":{"line":61,"column":null}}],"line":61},"9":{"loc":{"start":{"line":63,"column":17},"end":{"line":66,"column":null}},"type":"binary-expr","locations":[{"start":{"line":63,"column":17},"end":{"line":63,"column":null}},{"start":{"line":64,"column":18},"end":{"line":66,"column":null}}],"line":63},"10":{"loc":{"start":{"line":70,"column":62},"end":{"line":70,"column":98}},"type":"cond-expr","locations":[{"start":{"line":70,"column":79},"end":{"line":70,"column":96}},{"start":{"line":70,"column":96},"end":{"line":70,"column":98}}],"line":70},"11":{"loc":{"start":{"line":71,"column":99},"end":{"line":71,"column":null}},"type":"cond-expr","locations":[{"start":{"line":71,"column":117},"end":{"line":71,"column":132}},{"start":{"line":71,"column":132},"end":{"line":71,"column":null}}],"line":71},"12":{"loc":{"start":{"line":73,"column":21},"end":{"line":73,"column":null}},"type":"cond-expr","locations":[{"start":{"line":73,"column":38},"end":{"line":73,"column":67}},{"start":{"line":73,"column":67},"end":{"line":73,"column":null}}],"line":73},"13":{"loc":{"start":{"line":75,"column":100},"end":{"line":75,"column":null}},"type":"cond-expr","locations":[{"start":{"line":75,"column":118},"end":{"line":75,"column":135}},{"start":{"line":75,"column":135},"end":{"line":75,"column":null}}],"line":75},"14":{"loc":{"start":{"line":77,"column":21},"end":{"line":77,"column":null}},"type":"cond-expr","locations":[{"start":{"line":77,"column":38},"end":{"line":77,"column":58}},{"start":{"line":77,"column":58},"end":{"line":77,"column":null}}],"line":77},"15":{"loc":{"start":{"line":81,"column":17},"end":{"line":84,"column":null}},"type":"binary-expr","locations":[{"start":{"line":81,"column":17},"end":{"line":81,"column":null}},{"start":{"line":82,"column":18},"end":{"line":84,"column":null}}],"line":81},"16":{"loc":{"start":{"line":93,"column":7},"end":{"line":102,"column":null}},"type":"binary-expr","locations":[{"start":{"line":93,"column":7},"end":{"line":93,"column":null}},{"start":{"line":94,"column":8},"end":{"line":102,"column":null}}],"line":93}},"s":{"0":1,"1":1,"2":1,"3":1,"4":1,"5":1},"f":{"0":1,"1":1},"b":{"0":[1,1],"1":[0,1],"2":[1,0],"3":[1,0],"4":[0,1],"5":[0,1],"6":[1,0],"7":[1,0],"8":[1,0],"9":[1,1],"10":[0,1],"11":[1,0],"12":[0,1],"13":[1,0],"14":[0,1],"15":[1,0],"16":[1,1]},"meta":{"lastBranch":17,"lastFunction":2,"lastStatement":6,"seen":{"s:12:2:12:Infinity":0,"s:14:59:106:Infinity":1,"f:14:59:14:60":0,"s:15:25:15:Infinity":2,"b:15:25:15:52:15:52:15:Infinity":0,"s:17:2:104:Infinity":3,"b:34:12:34:Infinity:35:12:35:Infinity":1,"f:41:24:41:25":1,"s:42:12:87:Infinity":4,"b:44:41:44:58:44:58:44:Infinity":2,"b:46:20:46:Infinity:47:20:47:Infinity":3,"b:52:38:52:58:52:58:52:Infinity":4,"b:53:38:53:50:53:50:53:Infinity":5,"b:55:22:55:Infinity:56:22:56:Infinity":6,"b:55:76:55:88:55:88:55:97":7,"b:61:114:61:134:61:134:61:Infinity":8,"b:63:17:63:Infinity:64:18:66:Infinity":9,"b:70:79:70:96:70:96:70:98":10,"b:71:117:71:132:71:132:71:Infinity":11,"b:73:38:73:67:73:67:73:Infinity":12,"b:75:118:75:135:75:135:75:Infinity":13,"b:77:38:77:58:77:58:77:Infinity":14,"b:81:17:81:Infinity:82:18:84:Infinity":15,"b:93:7:93:Infinity:94:8:102:Infinity":16,"s:108:28:108:Infinity":5}}}
,"/Users/umitboragunaydin/Desktop/Eski Masaüstü/vitalis---elite-medical-dating/components/NotificationsView.tsx": {"path":"/Users/umitboragunaydin/Desktop/Eski Masaüstü/vitalis---elite-medical-dating/components/NotificationsView.tsx","statementMap":{"0":{"start":{"line":14,"column":2},"end":{"line":14,"column":null}},"1":{"start":{"line":16,"column":69},"end":{"line":186,"column":null}},"2":{"start":{"line":23,"column":25},"end":{"line":23,"column":null}},"3":{"start":{"line":24,"column":35},"end":{"line":25,"column":null}},"4":{"start":{"line":24,"column":36},"end":{"line":25,"column":null}},"5":{"start":{"line":27,"column":24},"end":{"line":46,"column":null}},"6":{"start":{"line":28,"column":20},"end":{"line":28,"column":null}},"7":{"start":{"line":30,"column":19},"end":{"line":30,"column":null}},"8":{"start":{"line":31,"column":4},"end":{"line":31,"column":null}},"9":{"start":{"line":31,"column":22},"end":{"line":31,"column":null}},"10":{"start":{"line":33,"column":4},"end":{"line":33,"column":null}},"11":{"start":{"line":34,"column":4},"end":{"line":34,"column":null}},"12":{"start":{"line":34,"column":22},"end":{"line":34,"column":null}},"13":{"start":{"line":36,"column":4},"end":{"line":36,"column":null}},"14":{"start":{"line":37,"column":4},"end":{"line":37,"column":null}},"15":{"start":{"line":37,"column":22},"end":{"line":37,"column":null}},"16":{"start":{"line":39,"column":4},"end":{"line":39,"column":null}},"17":{"start":{"line":40,"column":4},"end":{"line":40,"column":null}},"18":{"start":{"line":40,"column":22},"end":{"line":40,"column":null}},"19":{"start":{"line":42,"column":4},"end":{"line":42,"column":null}},"20":{"start":{"line":43,"column":4},"end":{"line":43,"column":null}},"21":{"start":{"line":43,"column":22},"end":{"line":43,"column":null}},"22":{"start":{"line":45,"column":4},"end":{"line":45,"column":null}},"23":{"start":{"line":48,"column":18},"end":{"line":59,"column":null}},"24":{"start":{"line":49,"column":4},"end":{"line":58,"column":null}},"25":{"start":{"line":51,"column":8},"end":{"line":51,"column":null}},"26":{"start":{"line":53,"column":8},"end":{"line":53,"column":null}},"27":{"start":{"line":55,"column":8},"end":{"line":55,"column":null}},"28":{"start":{"line":57,"column":8},"end":{"line":57,"column":null}},"29":{"start":{"line":61,"column":21},"end":{"line":72,"column":null}},"30":{"start":{"line":62,"column":4},"end":{"line":71,"column":null}},"31":{"start":{"line":64,"column":8},"end":{"line":64,"column":null}},"32":{"start":{"line":66,"column":8},"end":{"line":66,"column":null}},"33":{"start":{"line":68,"column":8},"end":{"line":68,"column":null}},"34":{"start":{"line":70,"column":8},"end":{"line":70,"column":null}},"35":{"start":{"line":74,"column":21},"end":{"line":103,"column":null}},"36":{"start":{"line":75,"column":25},"end":{"line":75,"column":null}},"37":{"start":{"line":77,"column":4},"end":{"line":102,"column":null}},"38":{"start":{"line":79,"column":8},"end":{"line":85,"column":null}},"39":{"start":{"line":88,"column":8},"end":{"line":91,"column":null}},"40":{"start":{"line":94,"column":8},"end":{"line":100,"column":null}},"41":{"start":{"line":105,"column":2},"end":{"line":184,"column":null}},"42":{"start":{"line":133,"column":33},"end":{"line":133,"column":null}},"43":{"start":{"line":134,"column":12},"end":{"line":179,"column":null}},"44":{"start":{"line":139,"column":32},"end":{"line":139,"column":null}},"45":{"start":{"line":188,"column":33},"end":{"line":188,"column":null}}},"fnMap":{"0":{"name":"(anonymous_0)","decl":{"start":{"line":16,"column":69},"end":{"line":16,"column":70}},"loc":{"start":{"line":22,"column":6},"end":{"line":186,"column":null}},"line":22},"1":{"name":"(anonymous_1)","decl":{"start":{"line":24,"column":35},"end":{"line":24,"column":36}},"loc":{"start":{"line":24,"column":36},"end":{"line":25,"column":null}},"line":24},"2":{"name":"(anonymous_2)","decl":{"start":{"line":27,"column":24},"end":{"line":27,"column":25}},"loc":{"start":{"line":27,"column":47},"end":{"line":46,"column":null}},"line":27},"3":{"name":"(anonymous_3)","decl":{"start":{"line":48,"column":18},"end":{"line":48,"column":19}},"loc":{"start":{"line":48,"column":46},"end":{"line":59,"column":null}},"line":48},"4":{"name":"(anonymous_4)","decl":{"start":{"line":61,"column":21},"end":{"line":61,"column":22}},"loc":{"start":{"line":61,"column":49},"end":{"line":72,"column":null}},"line":61},"5":{"name":"(anonymous_5)","decl":{"start":{"line":74,"column":21},"end":{"line":74,"column":22}},"loc":{"start":{"line":74,"column":42},"end":{"line":103,"column":null}},"line":74},"6":{"name":"(anonymous_6)","decl":{"start":{"line":132,"column":28},"end":{"line":132,"column":29}},"loc":{"start":{"line":132,"column":35},"end":{"line":181,"column":11}},"line":132},"7":{"name":"(anonymous_7)","decl":{"start":{"line":139,"column":25},"end":{"line":139,"column":32}},"loc":{"start":{"line":139,"column":32},"end":{"line":139,"column":null}},"line":139}},"branchMap":{"0":{"loc":{"start":{"line":23,"column":25},"end":{"line":23,"column":null}},"type":"binary-expr","locations":[{"start":{"line":23,"column":25},"end":{"line":23,"column":52}},{"start":{"line":23,"column":52},"end":{"line":23,"column":null}}],"line":23},"1":{"loc":{"start":{"line":24,"column":36},"end":{"line":25,"column":null}},"type":"binary-expr","locations":[{"start":{"line":25,"column":5},"end":{"line":25,"column":39}},{"start":{"line":25,"column":39},"end":{"line":25,"column":80}},{"start":{"line":25,"column":80},"end":{"line":25,"column":null}}],"line":24},"2":{"loc":{"start":{"line":31,"column":4},"end":{"line":31,"column":null}},"type":"if","locations":[{"start":{"line":31,"column":4},"end":{"line":31,"column":null}},{"start":{},"end":{}}],"line":31},"3":{"loc":{"start":{"line":34,"column":4},"end":{"line":34,"column":null}},"type":"if","locations":[{"start":{"line":34,"column":4},"end":{"line":34,"column":null}},{"start":{},"end":{}}],"line":34},"4":{"loc":{"start":{"line":37,"column":4},"end":{"line":37,"column":null}},"type":"if","locations":[{"start":{"line":37,"column":4},"end":{"line":37,"column":null}},{"start":{},"end":{}}],"line":37},"5":{"loc":{"start":{"line":40,"column":4},"end":{"line":40,"column":null}},"type":"if","locations":[{"start":{"line":40,"column":4},"end":{"line":40,"column":null}},{"start":{},"end":{}}],"line":40},"6":{"loc":{"start":{"line":43,"column":4},"end":{"line":43,"column":null}},"type":"if","locations":[{"start":{"line":43,"column":4},"end":{"line":43,"column":null}},{"start":{},"end":{}}],"line":43},"7":{"loc":{"start":{"line":49,"column":4},"end":{"line":58,"column":null}},"type":"switch","locations":[{"start":{"line":50,"column":6},"end":{"line":51,"column":null}},{"start":{"line":52,"column":6},"end":{"line":53,"column":null}},{"start":{"line":54,"column":6},"end":{"line":55,"column":null}},{"start":{"line":56,"column":6},"end":{"line":57,"column":null}}],"line":49},"8":{"loc":{"start":{"line":62,"column":4},"end":{"line":71,"column":null}},"type":"switch","locations":[{"start":{"line":63,"column":6},"end":{"line":64,"column":null}},{"start":{"line":65,"column":6},"end":{"line":66,"column":null}},{"start":{"line":67,"column":6},"end":{"line":68,"column":null}},{"start":{"line":69,"column":6},"end":{"line":70,"column":null}}],"line":62},"9":{"loc":{"start":{"line":77,"column":4},"end":{"line":102,"column":null}},"type":"switch","locations":[{"start":{"line":78,"column":6},"end":{"line":85,"column":null}},{"start":{"line":87,"column":6},"end":{"line":91,"column":null}},{"start":{"line":93,"column":6},"end":{"line":100,"column":null}}],"line":77},"10":{"loc":{"start":{"line":81,"column":57},"end":{"line":81,"column":118}},"type":"cond-expr","locations":[{"start":{"line":81,"column":72},"end":{"line":81,"column":102}},{"start":{"line":81,"column":102},"end":{"line":81,"column":118}}],"line":81},"11":{"loc":{"start":{"line":82,"column":15},"end":{"line":82,"column":null}},"type":"cond-expr","locations":[{"start":{"line":82,"column":30},"end":{"line":82,"column":48}},{"start":{"line":82,"column":48},"end":{"line":82,"column":null}}],"line":82},"12":{"loc":{"start":{"line":96,"column":57},"end":{"line":96,"column":118}},"type":"cond-expr","locations":[{"start":{"line":96,"column":72},"end":{"line":96,"column":102}},{"start":{"line":96,"column":102},"end":{"line":96,"column":118}}],"line":96},"13":{"loc":{"start":{"line":97,"column":15},"end":{"line":97,"column":null}},"type":"cond-expr","locations":[{"start":{"line":97,"column":30},"end":{"line":97,"column":48}},{"start":{"line":97,"column":48},"end":{"line":97,"column":null}}],"line":97},"14":{"loc":{"start":{"line":113,"column":9},"end":{"line":181,"column":null}},"type":"cond-expr","locations":[{"start":{"line":115,"column":10},"end":{"line":130,"column":null}},{"start":{"line":132,"column":10},"end":{"line":181,"column":null}}],"line":113},"15":{"loc":{"start":{"line":137,"column":28},"end":{"line":137,"column":null}},"type":"cond-expr","locations":[{"start":{"line":137,"column":43},"end":{"line":137,"column":83}},{"start":{"line":137,"column":83},"end":{"line":137,"column":null}}],"line":137},"16":{"loc":{"start":{"line":139,"column":32},"end":{"line":139,"column":null}},"type":"cond-expr","locations":[{"start":{"line":139,"column":47},"end":{"line":139,"column":66}},{"start":{"line":139,"column":66},"end":{"line":139,"column":null}}],"line":139},"17":{"loc":{"start":{"line":140,"column":159},"end":{"line":142,"column":null}},"type":"cond-expr","locations":[{"start":{"line":141,"column":20},"end":{"line":141,"column":null}},{"start":{"line":142,"column":20},"end":{"line":142,"column":null}}],"line":140},"18":{"loc":{"start":{"line":147,"column":85},"end":{"line":147,"column":145}},"type":"cond-expr","locations":[{"start":{"line":147,"column":100},"end":{"line":147,"column":124}},{"start":{"line":147,"column":124},"end":{"line":147,"column":145}}],"line":147},"19":{"loc":{"start":{"line":149,"column":27},"end":{"line":149,"column":null}},"type":"cond-expr","locations":[{"start":{"line":149,"column":42},"end":{"line":149,"column":70}},{"start":{"line":149,"column":70},"end":{"line":149,"column":null}}],"line":149},"20":{"loc":{"start":{"line":150,"column":27},"end":{"line":150,"column":null}},"type":"cond-expr","locations":[{"start":{"line":150,"column":42},"end":{"line":150,"column":61}},{"start":{"line":150,"column":61},"end":{"line":150,"column":null}}],"line":150},"21":{"loc":{"start":{"line":151,"column":91},"end":{"line":151,"column":null}},"type":"cond-expr","locations":[{"start":{"line":151,"column":106},"end":{"line":151,"column":129}},{"start":{"line":151,"column":129},"end":{"line":151,"column":null}}],"line":151},"22":{"loc":{"start":{"line":154,"column":21},"end":{"line":157,"column":null}},"type":"binary-expr","locations":[{"start":{"line":154,"column":21},"end":{"line":154,"column":null}},{"start":{"line":155,"column":22},"end":{"line":157,"column":null}}],"line":154},"23":{"loc":{"start":{"line":176,"column":17},"end":{"line":177,"column":null}},"type":"binary-expr","locations":[{"start":{"line":176,"column":17},"end":{"line":176,"column":null}},{"start":{"line":177,"column":18},"end":{"line":177,"column":null}}],"line":176}},"s":{"0":1,"1":1,"2":1,"3":1,"4":2,"5":1,"6":1,"7":1,"8":1,"9":0,"10":1,"11":1,"12":0,"13":1,"14":1,"15":0,"16":1,"17":1,"18":0,"19":1,"20":1,"21":0,"22":1,"23":1,"24":1,"25":0,"26":0,"27":1,"28":0,"29":1,"30":1,"31":0,"32":0,"33":1,"34":0,"35":1,"36":1,"37":1,"38":0,"39":0,"40":1,"41":1,"42":1,"43":1,"44":1,"45":1},"f":{"0":1,"1":2,"2":1,"3":1,"4":1,"5":1,"6":1,"7":1},"b":{"0":[1,1],"1":[2,0,2],"2":[0,1],"3":[0,1],"4":[0,1],"5":[0,1],"6":[0,1],"7":[0,0,1,0],"8":[0,0,1,0],"9":[0,0,1],"10":[0,0],"11":[0,0],"12":[1,0],"13":[1,0],"14":[0,1],"15":[1,0],"16":[1,0],"17":[1,0],"18":[1,0],"19":[1,0],"20":[1,0],"21":[1,0],"22":[1,1],"23":[1,1]},"meta":{"lastBranch":24,"lastFunction":8,"lastStatement":46,"seen":{"s:14:2:14:Infinity":0,"s:16:69:186:Infinity":1,"f:16:69:16:70":0,"s:23:25:23:Infinity":2,"b:23:25:23:52:23:52:23:Infinity":0,"s:24:35:25:Infinity":3,"f:24:35:24:36":1,"s:24:36:25:Infinity":4,"b:25:5:25:39:25:39:25:80:25:80:25:Infinity":1,"s:27:24:46:Infinity":5,"f:27:24:27:25":2,"s:28:20:28:Infinity":6,"s:30:19:30:Infinity":7,"b:31:4:31:Infinity:undefined:undefined:undefined:undefined":2,"s:31:4:31:Infinity":8,"s:31:22:31:Infinity":9,"s:33:4:33:Infinity":10,"b:34:4:34:Infinity:undefined:undefined:undefined:undefined":3,"s:34:4:34:Infinity":11,"s:34:22:34:Infinity":12,"s:36:4:36:Infinity":13,"b:37:4:37:Infinity:undefined:undefined:undefined:undefined":4,"s:37:4:37:Infinity":14,"s:37:22:37:Infinity":15,"s:39:4:39:Infinity":16,"b:40:4:40:Infinity:undefined:undefined:undefined:undefined":5,"s:40:4:40:Infinity":17,"s:40:22:40:Infinity":18,"s:42:4:42:Infinity":19,"b:43:4:43:Infinity:undefined:undefined:undefined:undefined":6,"s:43:4:43:Infinity":20,"s:43:22:43:Infinity":21,"s:45:4:45:Infinity":22,"s:48:18:59:Infinity":23,"f:48:18:48:19":3,"b:50:6:51:Infinity:52:6:53:Infinity:54:6:55:Infinity:56:6:57:Infinity":7,"s:49:4:58:Infinity":24,"s:51:8:51:Infinity":25,"s:53:8:53:Infinity":26,"s:55:8:55:Infinity":27,"s:57:8:57:Infinity":28,"s:61:21:72:Infinity":29,"f:61:21:61:22":4,"b:63:6:64:Infinity:65:6:66:Infinity:67:6:68:Infinity:69:6:70:Infinity":8,"s:62:4:71:Infinity":30,"s:64:8:64:Infinity":31,"s:66:8:66:Infinity":32,"s:68:8:68:Infinity":33,"s:70:8:70:Infinity":34,"s:74:21:103:Infinity":35,"f:74:21:74:22":5,"s:75:25:75:Infinity":36,"b:78:6:85:Infinity:87:6:91:Infinity:93:6:100:Infinity":9,"s:77:4:102:Infinity":37,"s:79:8:85:Infinity":38,"b:81:72:81:102:81:102:81:118":10,"b:82:30:82:48:82:48:82:Infinity":11,"s:88:8:91:Infinity":39,"s:94:8:100:Infinity":40,"b:96:72:96:102:96:102:96:118":12,"b:97:30:97:48:97:48:97:Infinity":13,"s:105:2:184:Infinity":41,"b:115:10:130:Infinity:132:10:181:Infinity":14,"f:132:28:132:29":6,"s:133:33:133:Infinity":42,"s:134:12:179:Infinity":43,"b:137:43:137:83:137:83:137:Infinity":15,"f:139:25:139:32":7,"s:139:32:139:Infinity":44,"b:139:47:139:66:139:66:139:Infinity":16,"b:141:20:141:Infinity:142:20:142:Infinity":17,"b:147:100:147:124:147:124:147:145":18,"b:149:42:149:70:149:70:149:Infinity":19,"b:150:42:150:61:150:61:150:Infinity":20,"b:151:106:151:129:151:129:151:Infinity":21,"b:154:21:154:Infinity:155:22:157:Infinity":22,"b:176:17:176:Infinity:177:18:177:Infinity":23,"s:188:33:188:Infinity":45}}}
,"/Users/umitboragunaydin/Desktop/Eski Masaüstü/vitalis---elite-medical-dating/components/ProfileCard.tsx": {"path":"/Users/umitboragunaydin/Desktop/Eski Masaüstü/vitalis---elite-medical-dating/components/ProfileCard.tsx","statementMap":{"0":{"start":{"line":7,"column":23},"end":{"line":7,"column":null}},"1":{"start":{"line":15,"column":55},"end":{"line":198,"column":null}},"2":{"start":{"line":16,"column":24},"end":{"line":16,"column":null}},"3":{"start":{"line":17,"column":48},"end":{"line":17,"column":null}},"4":{"start":{"line":19,"column":2},"end":{"line":28,"column":null}},"5":{"start":{"line":21,"column":23},"end":{"line":21,"column":null}},"6":{"start":{"line":21,"column":48},"end":{"line":21,"column":70}},"7":{"start":{"line":22,"column":24},"end":{"line":22,"column":null}},"8":{"start":{"line":22,"column":48},"end":{"line":22,"column":70}},"9":{"start":{"line":24,"column":4},"end":{"line":27,"column":null}},"10":{"start":{"line":25,"column":6},"end":{"line":25,"column":null}},"11":{"start":{"line":26,"column":6},"end":{"line":26,"column":null}},"12":{"start":{"line":30,"column":20},"end":{"line":37,"column":null}},"13":{"start":{"line":31,"column":4},"end":{"line":31,"column":null}},"14":{"start":{"line":32,"column":4},"end":{"line":36,"column":null}},"15":{"start":{"line":33,"column":6},"end":{"line":33,"column":null}},"16":{"start":{"line":33,"column":35},"end":{"line":33,"column":43}},"17":{"start":{"line":35,"column":6},"end":{"line":35,"column":null}},"18":{"start":{"line":40,"column":8},"end":{"line":47,"column":null}},"19":{"start":{"line":41,"column":4},"end":{"line":41,"column":null}},"20":{"start":{"line":41,"column":32},"end":{"line":41,"column":null}},"21":{"start":{"line":43,"column":17},"end":{"line":43,"column":null}},"22":{"start":{"line":44,"column":4},"end":{"line":44,"column":null}},"23":{"start":{"line":44,"column":31},"end":{"line":44,"column":null}},"24":{"start":{"line":45,"column":4},"end":{"line":45,"column":null}},"25":{"start":{"line":45,"column":36},"end":{"line":45,"column":null}},"26":{"start":{"line":46,"column":4},"end":{"line":46,"column":null}},"27":{"start":{"line":51,"column":4},"end":{"line":52,"column":null}},"28":{"start":{"line":55,"column":26},"end":{"line":59,"column":null}},"29":{"start":{"line":56,"column":4},"end":{"line":56,"column":null}},"30":{"start":{"line":56,"column":34},"end":{"line":56,"column":null}},"31":{"start":{"line":57,"column":4},"end":{"line":57,"column":null}},"32":{"start":{"line":57,"column":31},"end":{"line":57,"column":null}},"33":{"start":{"line":58,"column":4},"end":{"line":58,"column":null}},"34":{"start":{"line":61,"column":22},"end":{"line":61,"column":null}},"35":{"start":{"line":64,"column":8},"end":{"line":64,"column":null}},"36":{"start":{"line":64,"column":29},"end":{"line":64,"column":81}},"37":{"start":{"line":65,"column":28},"end":{"line":70,"column":null}},"38":{"start":{"line":66,"column":4},"end":{"line":69,"column":null}},"39":{"start":{"line":67,"column":6},"end":{"line":67,"column":null}},"40":{"start":{"line":68,"column":6},"end":{"line":68,"column":null}},"41":{"start":{"line":72,"column":2},"end":{"line":196,"column":null}},"42":{"start":{"line":87,"column":10},"end":{"line":91,"column":null}},"43":{"start":{"line":139,"column":30},"end":{"line":139,"column":51}},"44":{"start":{"line":139,"column":51},"end":{"line":139,"column":68}},"45":{"start":{"line":151,"column":26},"end":{"line":151,"column":47}},"46":{"start":{"line":151,"column":47},"end":{"line":151,"column":64}}},"fnMap":{"0":{"name":"(anonymous_0)","decl":{"start":{"line":15,"column":55},"end":{"line":15,"column":56}},"loc":{"start":{"line":15,"column":100},"end":{"line":198,"column":null}},"line":15},"1":{"name":"(anonymous_1)","decl":{"start":{"line":19,"column":12},"end":{"line":19,"column":18}},"loc":{"start":{"line":19,"column":18},"end":{"line":28,"column":5}},"line":19},"2":{"name":"(anonymous_2)","decl":{"start":{"line":21,"column":42},"end":{"line":21,"column":48}},"loc":{"start":{"line":21,"column":48},"end":{"line":21,"column":70}},"line":21},"3":{"name":"(anonymous_3)","decl":{"start":{"line":22,"column":42},"end":{"line":22,"column":48}},"loc":{"start":{"line":22,"column":48},"end":{"line":22,"column":70}},"line":22},"4":{"name":"(anonymous_4)","decl":{"start":{"line":24,"column":11},"end":{"line":24,"column":23}},"loc":{"start":{"line":24,"column":23},"end":{"line":27,"column":null}},"line":24},"5":{"name":"(anonymous_5)","decl":{"start":{"line":30,"column":20},"end":{"line":30,"column":21}},"loc":{"start":{"line":30,"column":51},"end":{"line":37,"column":null}},"line":30},"6":{"name":"(anonymous_6)","decl":{"start":{"line":33,"column":27},"end":{"line":33,"column":35}},"loc":{"start":{"line":33,"column":35},"end":{"line":33,"column":43}},"line":33},"7":{"name":"(anonymous_7)","decl":{"start":{"line":40,"column":29},"end":{"line":40,"column":35}},"loc":{"start":{"line":40,"column":35},"end":{"line":47,"column":5}},"line":40},"8":{"name":"(anonymous_8)","decl":{"start":{"line":55,"column":26},"end":{"line":55,"column":40}},"loc":{"start":{"line":55,"column":40},"end":{"line":59,"column":null}},"line":55},"9":{"name":"(anonymous_9)","decl":{"start":{"line":64,"column":29},"end":{"line":64,"column":35}},"loc":{"start":{"line":64,"column":29},"end":{"line":64,"column":81}},"line":64},"10":{"name":"(anonymous_10)","decl":{"start":{"line":65,"column":28},"end":{"line":65,"column":29}},"loc":{"start":{"line":65,"column":82},"end":{"line":70,"column":null}},"line":65},"11":{"name":"(anonymous_11)","decl":{"start":{"line":86,"column":28},"end":{"line":86,"column":29}},"loc":{"start":{"line":87,"column":10},"end":{"line":91,"column":null}},"line":87},"12":{"name":"(anonymous_12)","decl":{"start":{"line":139,"column":21},"end":{"line":139,"column":22}},"loc":{"start":{"line":139,"column":28},"end":{"line":139,"column":null}},"line":139},"13":{"name":"(anonymous_13)","decl":{"start":{"line":151,"column":17},"end":{"line":151,"column":18}},"loc":{"start":{"line":151,"column":24},"end":{"line":151,"column":null}},"line":151}},"branchMap":{"0":{"loc":{"start":{"line":32,"column":4},"end":{"line":36,"column":null}},"type":"if","locations":[{"start":{"line":32,"column":4},"end":{"line":36,"column":null}},{"start":{"line":34,"column":11},"end":{"line":36,"column":null}}],"line":32},"1":{"loc":{"start":{"line":41,"column":4},"end":{"line":41,"column":null}},"type":"if","locations":[{"start":{"line":41,"column":4},"end":{"line":41,"column":null}},{"start":{},"end":{}}],"line":41},"2":{"loc":{"start":{"line":44,"column":4},"end":{"line":44,"column":null}},"type":"if","locations":[{"start":{"line":44,"column":4},"end":{"line":44,"column":null}},{"start":{},"end":{}}],"line":44},"3":{"loc":{"start":{"line":45,"column":4},"end":{"line":45,"column":null}},"type":"if","locations":[{"start":{"line":45,"column":4},"end":{"line":45,"column":null}},{"start":{},"end":{}}],"line":45},"4":{"loc":{"start":{"line":51,"column":4},"end":{"line":52,"column":null}},"type":"binary-expr","locations":[{"start":{"line":51,"column":4},"end":{"line":51,"column":null}},{"start":{"line":52,"column":5},"end":{"line":52,"column":39}},{"start":{"line":52,"column":39},"end":{"line":52,"column":null}}],"line":51},"5":{"loc":{"start":{"line":56,"column":4},"end":{"line":56,"column":null}},"type":"if","locations":[{"start":{"line":56,"column":4},"end":{"line":56,"column":null}},{"start":{},"end":{}}],"line":56},"6":{"loc":{"start":{"line":57,"column":4},"end":{"line":57,"column":null}},"type":"if","locations":[{"start":{"line":57,"column":4},"end":{"line":57,"column":null}},{"start":{},"end":{}}],"line":57},"7":{"loc":{"start":{"line":61,"column":22},"end":{"line":61,"column":null}},"type":"binary-expr","locations":[{"start":{"line":61,"column":22},"end":{"line":61,"column":51}},{"start":{"line":61,"column":51},"end":{"line":61,"column":null}}],"line":61},"8":{"loc":{"start":{"line":66,"column":4},"end":{"line":69,"column":null}},"type":"if","locations":[{"start":{"line":66,"column":4},"end":{"line":69,"column":null}},{"start":{},"end":{}}],"line":66},"9":{"loc":{"start":{"line":66,"column":8},"end":{"line":66,"column":52}},"type":"binary-expr","locations":[{"start":{"line":66,"column":8},"end":{"line":66,"column":33}},{"start":{"line":66,"column":33},"end":{"line":66,"column":52}}],"line":66},"10":{"loc":{"start":{"line":89,"column":104},"end":{"line":89,"column":null}},"type":"cond-expr","locations":[{"start":{"line":89,"column":132},"end":{"line":89,"column":184}},{"start":{"line":89,"column":184},"end":{"line":89,"column":null}}],"line":89},"11":{"loc":{"start":{"line":101,"column":11},"end":{"line":105,"column":null}},"type":"binary-expr","locations":[{"start":{"line":101,"column":11},"end":{"line":101,"column":null}},{"start":{"line":102,"column":12},"end":{"line":105,"column":null}}],"line":101},"12":{"loc":{"start":{"line":109,"column":11},"end":{"line":119,"column":null}},"type":"cond-expr","locations":[{"start":{"line":110,"column":12},"end":{"line":113,"column":null}},{"start":{"line":114,"column":14},"end":{"line":119,"column":null}}],"line":109},"13":{"loc":{"start":{"line":109,"column":11},"end":{"line":109,"column":null}},"type":"binary-expr","locations":[{"start":{"line":109,"column":11},"end":{"line":109,"column":32}},{"start":{"line":109,"column":32},"end":{"line":109,"column":null}}],"line":109},"14":{"loc":{"start":{"line":114,"column":14},"end":{"line":119,"column":null}},"type":"cond-expr","locations":[{"start":{"line":115,"column":12},"end":{"line":118,"column":null}},{"start":{"line":119,"column":14},"end":{"line":119,"column":null}}],"line":114},"15":{"loc":{"start":{"line":114,"column":14},"end":{"line":114,"column":null}},"type":"binary-expr","locations":[{"start":{"line":114,"column":14},"end":{"line":114,"column":35}},{"start":{"line":114,"column":35},"end":{"line":114,"column":null}}],"line":114},"16":{"loc":{"start":{"line":122,"column":11},"end":{"line":126,"column":null}},"type":"binary-expr","locations":[{"start":{"line":122,"column":11},"end":{"line":122,"column":null}},{"start":{"line":123,"column":12},"end":{"line":126,"column":null}}],"line":122},"17":{"loc":{"start":{"line":161,"column":11},"end":{"line":168,"column":null}},"type":"binary-expr","locations":[{"start":{"line":161,"column":11},"end":{"line":161,"column":null}},{"start":{"line":162,"column":12},"end":{"line":168,"column":null}}],"line":161},"18":{"loc":{"start":{"line":182,"column":40},"end":{"line":182,"column":82}},"type":"binary-expr","locations":[{"start":{"line":182,"column":40},"end":{"line":182,"column":64}},{"start":{"line":182,"column":64},"end":{"line":182,"column":82}}],"line":182},"19":{"loc":{"start":{"line":184,"column":51},"end":{"line":184,"column":117}},"type":"cond-expr","locations":[{"start":{"line":184,"column":79},"end":{"line":184,"column":100}},{"start":{"line":184,"column":100},"end":{"line":184,"column":117}}],"line":184},"20":{"loc":{"start":{"line":190,"column":39},"end":{"line":190,"column":90}},"type":"cond-expr","locations":[{"start":{"line":190,"column":53},"end":{"line":190,"column":72}},{"start":{"line":190,"column":72},"end":{"line":190,"column":90}}],"line":190},"21":{"loc":{"start":{"line":191,"column":50},"end":{"line":191,"column":99}},"type":"cond-expr","locations":[{"start":{"line":191,"column":64},"end":{"line":191,"column":83}},{"start":{"line":191,"column":83},"end":{"line":191,"column":99}}],"line":191}},"s":{"0":1,"1":1,"2":3,"3":3,"4":3,"5":3,"6":0,"7":3,"8":0,"9":3,"10":3,"11":3,"12":3,"13":0,"14":0,"15":0,"16":0,"17":0,"18":3,"19":3,"20":0,"21":3,"22":3,"23":3,"24":0,"25":0,"26":0,"27":3,"28":3,"29":3,"30":0,"31":3,"32":0,"33":3,"34":3,"35":3,"36":3,"37":3,"38":0,"39":0,"40":0,"41":3,"42":6,"43":1,"44":1,"45":0,"46":0},"f":{"0":3,"1":3,"2":0,"3":0,"4":3,"5":0,"6":0,"7":3,"8":3,"9":3,"10":0,"11":6,"12":1,"13":0},"b":{"0":[0,0],"1":[0,3],"2":[3,0],"3":[0,0],"4":[3,0,0],"5":[0,3],"6":[0,3],"7":[3,3],"8":[0,0],"9":[0,0],"10":[3,3],"11":[3,0],"12":[0,3],"13":[3,3],"14":[3,0],"15":[3,3],"16":[3,0],"17":[3,3],"18":[3,3],"19":[0,3],"20":[0,3],"21":[0,3]},"meta":{"lastBranch":22,"lastFunction":14,"lastStatement":47,"seen":{"s:7:23:7:Infinity":0,"s:15:55:198:Infinity":1,"f:15:55:15:56":0,"s:16:24:16:Infinity":2,"s:17:48:17:Infinity":3,"s:19:2:28:Infinity":4,"f:19:12:19:18":1,"s:21:23:21:Infinity":5,"f:21:42:21:48":2,"s:21:48:21:70":6,"s:22:24:22:Infinity":7,"f:22:42:22:48":3,"s:22:48:22:70":8,"s:24:4:27:Infinity":9,"f:24:11:24:23":4,"s:25:6:25:Infinity":10,"s:26:6:26:Infinity":11,"s:30:20:37:Infinity":12,"f:30:20:30:21":5,"s:31:4:31:Infinity":13,"b:32:4:36:Infinity:34:11:36:Infinity":0,"s:32:4:36:Infinity":14,"s:33:6:33:Infinity":15,"f:33:27:33:35":6,"s:33:35:33:43":16,"s:35:6:35:Infinity":17,"s:40:8:47:Infinity":18,"f:40:29:40:35":7,"b:41:4:41:Infinity:undefined:undefined:undefined:undefined":1,"s:41:4:41:Infinity":19,"s:41:32:41:Infinity":20,"s:43:17:43:Infinity":21,"b:44:4:44:Infinity:undefined:undefined:undefined:undefined":2,"s:44:4:44:Infinity":22,"s:44:31:44:Infinity":23,"b:45:4:45:Infinity:undefined:undefined:undefined:undefined":3,"s:45:4:45:Infinity":24,"s:45:36:45:Infinity":25,"s:46:4:46:Infinity":26,"s:51:4:52:Infinity":27,"b:51:4:51:Infinity:52:5:52:39:52:39:52:Infinity":4,"s:55:26:59:Infinity":28,"f:55:26:55:40":8,"b:56:4:56:Infinity:undefined:undefined:undefined:undefined":5,"s:56:4:56:Infinity":29,"s:56:34:56:Infinity":30,"b:57:4:57:Infinity:undefined:undefined:undefined:undefined":6,"s:57:4:57:Infinity":31,"s:57:31:57:Infinity":32,"s:58:4:58:Infinity":33,"s:61:22:61:Infinity":34,"b:61:22:61:51:61:51:61:Infinity":7,"s:64:8:64:Infinity":35,"f:64:29:64:35":9,"s:64:29:64:81":36,"s:65:28:70:Infinity":37,"f:65:28:65:29":10,"b:66:4:69:Infinity:undefined:undefined:undefined:undefined":8,"s:66:4:69:Infinity":38,"b:66:8:66:33:66:33:66:52":9,"s:67:6:67:Infinity":39,"s:68:6:68:Infinity":40,"s:72:2:196:Infinity":41,"f:86:28:86:29":11,"s:87:10:91:Infinity":42,"b:89:132:89:184:89:184:89:Infinity":10,"b:101:11:101:Infinity:102:12:105:Infinity":11,"b:110:12:113:Infinity:114:14:119:Infinity":12,"b:109:11:109:32:109:32:109:Infinity":13,"b:115:12:118:Infinity:119:14:119:Infinity":14,"b:114:14:114:35:114:35:114:Infinity":15,"b:122:11:122:Infinity:123:12:126:Infinity":16,"f:139:21:139:22":12,"s:139:30:139:51":43,"s:139:51:139:68":44,"f:151:17:151:18":13,"s:151:26:151:47":45,"s:151:47:151:64":46,"b:161:11:161:Infinity:162:12:168:Infinity":17,"b:182:40:182:64:182:64:182:82":18,"b:184:79:184:100:184:100:184:117":19,"b:190:53:190:72:190:72:190:90":20,"b:191:64:191:83:191:83:191:99":21}}}
,"/Users/umitboragunaydin/Desktop/Eski Masaüstü/vitalis---elite-medical-dating/hooks/useSwipeLimit.ts": {"path":"/Users/umitboragunaydin/Desktop/Eski Masaüstü/vitalis---elite-medical-dating/hooks/useSwipeLimit.ts","statementMap":{"0":{"start":{"line":12,"column":29},"end":{"line":57,"column":null}},"1":{"start":{"line":13,"column":36},"end":{"line":13,"column":null}},"2":{"start":{"line":14,"column":8},"end":{"line":14,"column":null}},"3":{"start":{"line":16,"column":2},"end":{"line":18,"column":null}},"4":{"start":{"line":17,"column":4},"end":{"line":17,"column":null}},"5":{"start":{"line":20,"column":2},"end":{"line":54,"column":null}},"6":{"start":{"line":23,"column":28},"end":{"line":27,"column":null}},"7":{"start":{"line":24,"column":19},"end":{"line":24,"column":null}},"8":{"start":{"line":25,"column":6},"end":{"line":25,"column":null}},"9":{"start":{"line":26,"column":6},"end":{"line":26,"column":null}},"10":{"start":{"line":29,"column":28},"end":{"line":34,"column":null}},"11":{"start":{"line":30,"column":21},"end":{"line":30,"column":null}},"12":{"start":{"line":31,"column":20},"end":{"line":31,"column":null}},"13":{"start":{"line":32,"column":22},"end":{"line":32,"column":null}},"14":{"start":{"line":33,"column":6},"end":{"line":33,"column":null}},"15":{"start":{"line":36,"column":26},"end":{"line":44,"column":null}},"16":{"start":{"line":37,"column":21},"end":{"line":37,"column":null}},"17":{"start":{"line":39,"column":6},"end":{"line":43,"column":null}},"18":{"start":{"line":40,"column":8},"end":{"line":40,"column":null}},"19":{"start":{"line":41,"column":8},"end":{"line":41,"column":null}},"20":{"start":{"line":42,"column":8},"end":{"line":42,"column":null}},"21":{"start":{"line":46,"column":4},"end":{"line":46,"column":null}},"22":{"start":{"line":47,"column":27},"end":{"line":47,"column":null}},"23":{"start":{"line":48,"column":4},"end":{"line":48,"column":null}},"24":{"start":{"line":50,"column":4},"end":{"line":53,"column":null}},"25":{"start":{"line":51,"column":6},"end":{"line":51,"column":null}},"26":{"start":{"line":52,"column":6},"end":{"line":52,"column":null}},"27":{"start":{"line":52,"column":22},"end":{"line":52,"column":null}},"28":{"start":{"line":56,"column":2},"end":{"line":56,"column":null}}},"fnMap":{"0":{"name":"(anonymous_0)","decl":{"start":{"line":12,"column":29},"end":{"line":12,"column":30}},"loc":{"start":{"line":12,"column":101},"end":{"line":57,"column":null}},"line":12},"1":{"name":"(anonymous_1)","decl":{"start":{"line":16,"column":12},"end":{"line":16,"column":18}},"loc":{"start":{"line":16,"column":18},"end":{"line":18,"column":5}},"line":16},"2":{"name":"(anonymous_2)","decl":{"start":{"line":20,"column":12},"end":{"line":20,"column":18}},"loc":{"start":{"line":20,"column":18},"end":{"line":54,"column":5}},"line":20},"3":{"name":"(anonymous_3)","decl":{"start":{"line":23,"column":28},"end":{"line":23,"column":40}},"loc":{"start":{"line":23,"column":40},"end":{"line":27,"column":null}},"line":23},"4":{"name":"(anonymous_4)","decl":{"start":{"line":29,"column":28},"end":{"line":29,"column":40}},"loc":{"start":{"line":29,"column":40},"end":{"line":34,"column":null}},"line":29},"5":{"name":"(anonymous_5)","decl":{"start":{"line":36,"column":26},"end":{"line":36,"column":38}},"loc":{"start":{"line":36,"column":38},"end":{"line":44,"column":null}},"line":36},"6":{"name":"(anonymous_6)","decl":{"start":{"line":39,"column":30},"end":{"line":39,"column":36}},"loc":{"start":{"line":39,"column":36},"end":{"line":43,"column":9}},"line":39},"7":{"name":"(anonymous_7)","decl":{"start":{"line":50,"column":11},"end":{"line":50,"column":23}},"loc":{"start":{"line":50,"column":23},"end":{"line":53,"column":null}},"line":50}},"branchMap":{"0":{"loc":{"start":{"line":52,"column":6},"end":{"line":52,"column":null}},"type":"if","locations":[{"start":{"line":52,"column":6},"end":{"line":52,"column":null}},{"start":{},"end":{}}],"line":52}},"s":{"0":1,"1":5,"2":5,"3":5,"4":3,"5":5,"6":2,"7":7,"8":7,"9":7,"10":2,"11":4,"12":4,"13":4,"14":4,"15":2,"16":3,"17":3,"18":1,"19":1,"20":1,"21":2,"22":2,"23":2,"24":2,"25":2,"26":2,"27":2,"28":5},"f":{"0":5,"1":3,"2":2,"3":7,"4":4,"5":3,"6":1,"7":2},"b":{"0":[2,0]},"meta":{"lastBranch":1,"lastFunction":8,"lastStatement":29,"seen":{"s:12:29:57:Infinity":0,"f:12:29:12:30":0,"s:13:36:13:Infinity":1,"s:14:8:14:Infinity":2,"s:16:2:18:Infinity":3,"f:16:12:16:18":1,"s:17:4:17:Infinity":4,"s:20:2:54:Infinity":5,"f:20:12:20:18":2,"s:23:28:27:Infinity":6,"f:23:28:23:40":3,"s:24:19:24:Infinity":7,"s:25:6:25:Infinity":8,"s:26:6:26:Infinity":9,"s:29:28:34:Infinity":10,"f:29:28:29:40":4,"s:30:21:30:Infinity":11,"s:31:20:31:Infinity":12,"s:32:22:32:Infinity":13,"s:33:6:33:Infinity":14,"s:36:26:44:Infinity":15,"f:36:26:36:38":5,"s:37:21:37:Infinity":16,"s:39:6:43:Infinity":17,"f:39:30:39:36":6,"s:40:8:40:Infinity":18,"s:41:8:41:Infinity":19,"s:42:8:42:Infinity":20,"s:46:4:46:Infinity":21,"s:47:27:47:Infinity":22,"s:48:4:48:Infinity":23,"s:50:4:53:Infinity":24,"f:50:11:50:23":7,"s:51:6:51:Infinity":25,"b:52:6:52:Infinity:undefined:undefined:undefined:undefined":0,"s:52:6:52:Infinity":26,"s:52:22:52:Infinity":27,"s:56:2:56:Infinity":28}}}
,"/Users/umitboragunaydin/Desktop/Eski Masaüstü/vitalis---elite-medical-dating/hooks/useTheme.ts": {"path":"/Users/umitboragunaydin/Desktop/Eski Masaüstü/vitalis---elite-medical-dating/hooks/useTheme.ts","statementMap":{"0":{"start":{"line":10,"column":24},"end":{"line":52,"column":null}},"1":{"start":{"line":11,"column":44},"end":{"line":11,"column":null}},"2":{"start":{"line":13,"column":2},"end":{"line":37,"column":null}},"3":{"start":{"line":14,"column":23},"end":{"line":26,"column":null}},"4":{"start":{"line":15,"column":19},"end":{"line":15,"column":null}},"5":{"start":{"line":17,"column":8},"end":{"line":19,"column":null}},"6":{"start":{"line":21,"column":6},"end":{"line":25,"column":null}},"7":{"start":{"line":22,"column":8},"end":{"line":22,"column":null}},"8":{"start":{"line":24,"column":8},"end":{"line":24,"column":null}},"9":{"start":{"line":28,"column":4},"end":{"line":28,"column":null}},"10":{"start":{"line":30,"column":23},"end":{"line":30,"column":null}},"11":{"start":{"line":31,"column":25},"end":{"line":33,"column":null}},"12":{"start":{"line":32,"column":6},"end":{"line":32,"column":null}},"13":{"start":{"line":32,"column":40},"end":{"line":32,"column":null}},"14":{"start":{"line":35,"column":4},"end":{"line":35,"column":null}},"15":{"start":{"line":36,"column":4},"end":{"line":36,"column":null}},"16":{"start":{"line":36,"column":17},"end":{"line":36,"column":null}},"17":{"start":{"line":39,"column":8},"end":{"line":49,"column":null}},"18":{"start":{"line":41,"column":6},"end":{"line":46,"column":null}},"19":{"start":{"line":45,"column":8},"end":{"line":45,"column":null}},"20":{"start":{"line":51,"column":2},"end":{"line":51,"column":null}}},"fnMap":{"0":{"name":"(anonymous_0)","decl":{"start":{"line":10,"column":24},"end":{"line":10,"column":25}},"loc":{"start":{"line":10,"column":80},"end":{"line":52,"column":null}},"line":10},"1":{"name":"(anonymous_1)","decl":{"start":{"line":13,"column":12},"end":{"line":13,"column":18}},"loc":{"start":{"line":13,"column":18},"end":{"line":37,"column":5}},"line":13},"2":{"name":"(anonymous_2)","decl":{"start":{"line":14,"column":23},"end":{"line":14,"column":29}},"loc":{"start":{"line":14,"column":29},"end":{"line":26,"column":null}},"line":14},"3":{"name":"(anonymous_3)","decl":{"start":{"line":31,"column":25},"end":{"line":31,"column":31}},"loc":{"start":{"line":31,"column":31},"end":{"line":33,"column":null}},"line":31},"4":{"name":"(anonymous_4)","decl":{"start":{"line":36,"column":11},"end":{"line":36,"column":17}},"loc":{"start":{"line":36,"column":17},"end":{"line":36,"column":null}},"line":36},"5":{"name":"(anonymous_5)","decl":{"start":{"line":40,"column":4},"end":{"line":40,"column":5}},"loc":{"start":{"line":40,"column":33},"end":{"line":47,"column":null}},"line":40}},"branchMap":{"0":{"loc":{"start":{"line":11,"column":74},"end":{"line":11,"column":103}},"type":"binary-expr","locations":[{"start":{"line":11,"column":74},"end":{"line":11,"column":95}},{"start":{"line":11,"column":95},"end":{"line":11,"column":103}}],"line":11},"1":{"loc":{"start":{"line":17,"column":8},"end":{"line":19,"column":null}},"type":"binary-expr","locations":[{"start":{"line":17,"column":8},"end":{"line":17,"column":null}},{"start":{"line":18,"column":9},"end":{"line":18,"column":null}},{"start":{"line":19,"column":10},"end":{"line":19,"column":null}}],"line":17},"2":{"loc":{"start":{"line":21,"column":6},"end":{"line":25,"column":null}},"type":"if","locations":[{"start":{"line":21,"column":6},"end":{"line":25,"column":null}},{"start":{"line":23,"column":13},"end":{"line":25,"column":null}}],"line":21},"3":{"loc":{"start":{"line":32,"column":6},"end":{"line":32,"column":null}},"type":"if","locations":[{"start":{"line":32,"column":6},"end":{"line":32,"column":null}},{"start":{},"end":{}}],"line":32},"4":{"loc":{"start":{"line":41,"column":6},"end":{"line":46,"column":null}},"type":"if","locations":[{"start":{"line":41,"column":6},"end":{"line":46,"column":null}},{"start":{},"end":{}}],"line":41},"5":{"loc":{"start":{"line":42,"column":8},"end":{"line":43,"column":null}},"type":"binary-expr","locations":[{"start":{"line":42,"column":8},"end":{"line":42,"column":null}},{"start":{"line":43,"column":8},"end":{"line":43,"column":null}}],"line":42}},"s":{"0":1,"1":4,"2":4,"3":4,"4":4,"5":4,"6":4,"7":2,"8":2,"9":4,"10":4,"11":4,"12":0,"13":0,"14":4,"15":4,"16":4,"17":4,"18":1,"19":1,"20":4},"f":{"0":4,"1":4,"2":4,"3":0,"4":4,"5":1},"b":{"0":[4,0],"1":[4,2,0],"2":[2,2],"3":[0,0],"4":[1,0],"5":[1,1]},"meta":{"lastBranch":6,"lastFunction":6,"lastStatement":21,"seen":{"s:10:24:52:Infinity":0,"f:10:24:10:25":0,"s:11:44:11:Infinity":1,"b:11:74:11:95:11:95:11:103":0,"s:13:2:37:Infinity":2,"f:13:12:13:18":1,"s:14:23:26:Infinity":3,"f:14:23:14:29":2,"s:15:19:15:Infinity":4,"s:17:8:19:Infinity":5,"b:17:8:17:Infinity:18:9:18:Infinity:19:10:19:Infinity":1,"b:21:6:25:Infinity:23:13:25:Infinity":2,"s:21:6:25:Infinity":6,"s:22:8:22:Infinity":7,"s:24:8:24:Infinity":8,"s:28:4:28:Infinity":9,"s:30:23:30:Infinity":10,"s:31:25:33:Infinity":11,"f:31:25:31:31":3,"b:32:6:32:Infinity:undefined:undefined:undefined:undefined":3,"s:32:6:32:Infinity":12,"s:32:40:32:Infinity":13,"s:35:4:35:Infinity":14,"s:36:4:36:Infinity":15,"f:36:11:36:17":4,"s:36:17:36:Infinity":16,"s:39:8:49:Infinity":17,"f:40:4:40:5":5,"b:41:6:46:Infinity:undefined:undefined:undefined:undefined":4,"s:41:6:46:Infinity":18,"b:42:8:42:Infinity:43:8:43:Infinity":5,"s:45:8:45:Infinity":19,"s:51:2:51:Infinity":20}}}
,"/Users/umitboragunaydin/Desktop/Eski Masaüstü/vitalis---elite-medical-dating/utils/compatibility.ts": {"path":"/Users/umitboragunaydin/Desktop/Eski Masaüstü/vitalis---elite-medical-dating/utils/compatibility.ts","statementMap":{"0":{"start":{"line":10,"column":38},"end":{"line":98,"column":null}},"1":{"start":{"line":11,"column":2},"end":{"line":13,"column":null}},"2":{"start":{"line":12,"column":6},"end":{"line":12,"column":null}},"3":{"start":{"line":15,"column":17},"end":{"line":15,"column":null}},"4":{"start":{"line":16,"column":28},"end":{"line":16,"column":null}},"5":{"start":{"line":19,"column":26},"end":{"line":19,"column":null}},"6":{"start":{"line":19,"column":51},"end":{"line":19,"column":78}},"7":{"start":{"line":20,"column":2},"end":{"line":24,"column":null}},"8":{"start":{"line":21,"column":28},"end":{"line":21,"column":null}},"9":{"start":{"line":22,"column":6},"end":{"line":22,"column":null}},"10":{"start":{"line":23,"column":6},"end":{"line":23,"column":null}},"11":{"start":{"line":27,"column":18},"end":{"line":27,"column":null}},"12":{"start":{"line":28,"column":2},"end":{"line":35,"column":null}},"13":{"start":{"line":29,"column":6},"end":{"line":29,"column":null}},"14":{"start":{"line":30,"column":6},"end":{"line":30,"column":null}},"15":{"start":{"line":31,"column":2},"end":{"line":35,"column":null}},"16":{"start":{"line":32,"column":6},"end":{"line":32,"column":null}},"17":{"start":{"line":33,"column":2},"end":{"line":35,"column":null}},"18":{"start":{"line":34,"column":6},"end":{"line":34,"column":null}},"19":{"start":{"line":38,"column":2},"end":{"line":41,"column":null}},"20":{"start":{"line":39,"column":6},"end":{"line":39,"column":null}},"21":{"start":{"line":40,"column":6},"end":{"line":40,"column":null}},"22":{"start":{"line":44,"column":2},"end":{"line":51,"column":null}},"23":{"start":{"line":45,"column":6},"end":{"line":45,"column":null}},"24":{"start":{"line":46,"column":6},"end":{"line":46,"column":null}},"25":{"start":{"line":47,"column":2},"end":{"line":51,"column":null}},"26":{"start":{"line":48,"column":6},"end":{"line":48,"column":null}},"27":{"start":{"line":49,"column":2},"end":{"line":51,"column":null}},"28":{"start":{"line":50,"column":6},"end":{"line":50,"column":null}},"29":{"start":{"line":55,"column":19},"end":{"line":55,"column":null}},"30":{"start":{"line":56,"column":2},"end":{"line":62,"column":null}},"31":{"start":{"line":57,"column":6},"end":{"line":57,"column":null}},"32":{"start":{"line":58,"column":6},"end":{"line":58,"column":null}},"33":{"start":{"line":59,"column":2},"end":{"line":62,"column":null}},"34":{"start":{"line":60,"column":6},"end":{"line":60,"column":null}},"35":{"start":{"line":61,"column":6},"end":{"line":61,"column":null}},"36":{"start":{"line":65,"column":2},"end":{"line":67,"column":null}},"37":{"start":{"line":66,"column":6},"end":{"line":66,"column":null}},"38":{"start":{"line":71,"column":8},"end":{"line":71,"column":null}},"39":{"start":{"line":72,"column":2},"end":{"line":72,"column":null}},"40":{"start":{"line":73,"column":2},"end":{"line":75,"column":null}},"41":{"start":{"line":74,"column":6},"end":{"line":74,"column":null}},"42":{"start":{"line":78,"column":21},"end":{"line":78,"column":null}},"43":{"start":{"line":81,"column":14},"end":{"line":81,"column":null}},"44":{"start":{"line":82,"column":19},"end":{"line":82,"column":null}},"45":{"start":{"line":84,"column":2},"end":{"line":90,"column":null}},"46":{"start":{"line":85,"column":6},"end":{"line":85,"column":null}},"47":{"start":{"line":86,"column":6},"end":{"line":86,"column":null}},"48":{"start":{"line":87,"column":2},"end":{"line":90,"column":null}},"49":{"start":{"line":88,"column":6},"end":{"line":88,"column":null}},"50":{"start":{"line":89,"column":6},"end":{"line":89,"column":null}},"51":{"start":{"line":92,"column":2},"end":{"line":97,"column":null}}},"fnMap":{"0":{"name":"(anonymous_0)","decl":{"start":{"line":10,"column":38},"end":{"line":10,"column":39}},"loc":{"start":{"line":10,"column":104},"end":{"line":98,"column":null}},"line":10},"1":{"name":"(anonymous_1)","decl":{"start":{"line":19,"column":46},"end":{"line":19,"column":51}},"loc":{"start":{"line":19,"column":51},"end":{"line":19,"column":78}},"line":19}},"branchMap":{"0":{"loc":{"start":{"line":11,"column":2},"end":{"line":13,"column":null}},"type":"if","locations":[{"start":{"line":11,"column":2},"end":{"line":13,"column":null}},{"start":{},"end":{}}],"line":11},"1":{"loc":{"start":{"line":20,"column":2},"end":{"line":24,"column":null}},"type":"if","locations":[{"start":{"line":20,"column":2},"end":{"line":24,"column":null}},{"start":{},"end":{}}],"line":20},"2":{"loc":{"start":{"line":28,"column":2},"end":{"line":35,"column":null}},"type":"if","locations":[{"start":{"line":28,"column":2},"end":{"line":35,"column":null}},{"start":{"line":31,"column":2},"end":{"line":35,"column":null}}],"line":28},"3":{"loc":{"start":{"line":31,"column":2},"end":{"line":35,"column":null}},"type":"if","locations":[{"start":{"line":31,"column":2},"end":{"line":35,"column":null}},{"start":{"line":33,"column":2},"end":{"line":35,"column":null}}],"line":31},"4":{"loc":{"start":{"line":33,"column":2},"end":{"line":35,"column":null}},"type":"if","locations":[{"start":{"line":33,"column":2},"end":{"line":35,"column":null}},{"start":{},"end":{}}],"line":33},"5":{"loc":{"start":{"line":38,"column":2},"end":{"line":41,"column":null}},"type":"if","locations":[{"start":{"line":38,"column":2},"end":{"line":41,"column":null}},{"start":{},"end":{}}],"line":38},"6":{"loc":{"start":{"line":44,"column":2},"end":{"line":51,"column":null}},"type":"if","locations":[{"start":{"line":44,"column":2},"end":{"line":51,"column":null}},{"start":{"line":47,"column":2},"end":{"line":51,"column":null}}],"line":44},"7":{"loc":{"start":{"line":44,"column":6},"end":{"line":44,"column":54}},"type":"binary-expr","locations":[{"start":{"line":44,"column":6},"end":{"line":44,"column":33}},{"start":{"line":44,"column":33},"end":{"line":44,"column":54}}],"line":44},"8":{"loc":{"start":{"line":47,"column":2},"end":{"line":51,"column":null}},"type":"if","locations":[{"start":{"line":47,"column":2},"end":{"line":51,"column":null}},{"start":{"line":49,"column":2},"end":{"line":51,"column":null}}],"line":47},"9":{"loc":{"start":{"line":49,"column":2},"end":{"line":51,"column":null}},"type":"if","locations":[{"start":{"line":49,"column":2},"end":{"line":51,"column":null}},{"start":{},"end":{}}],"line":49},"10":{"loc":{"start":{"line":56,"column":2},"end":{"line":62,"column":null}},"type":"if","locations":[{"start":{"line":56,"column":2},"end":{"line":62,"column":null}},{"start":{"line":59,"column":2},"end":{"line":62,"column":null}}],"line":56},"11":{"loc":{"start":{"line":56,"column":6},"end":{"line":56,"column":43}},"type":"binary-expr","locations":[{"start":{"line":56,"column":6},"end":{"line":56,"column":24}},{"start":{"line":56,"column":24},"end":{"line":56,"column":43}}],"line":56},"12":{"loc":{"start":{"line":59,"column":2},"end":{"line":62,"column":null}},"type":"if","locations":[{"start":{"line":59,"column":2},"end":{"line":62,"column":null}},{"start":{},"end":{}}],"line":59},"13":{"loc":{"start":{"line":65,"column":2},"end":{"line":67,"column":null}},"type":"if","locations":[{"start":{"line":65,"column":2},"end":{"line":67,"column":null}},{"start":{},"end":{}}],"line":65},"14":{"loc":{"start":{"line":65,"column":6},"end":{"line":65,"column":57}},"type":"binary-expr","locations":[{"start":{"line":65,"column":6},"end":{"line":65,"column":31}},{"start":{"line":65,"column":31},"end":{"line":65,"column":57}}],"line":65},"15":{"loc":{"start":{"line":71,"column":44},"end":{"line":71,"column":73}},"type":"binary-expr","locations":[{"start":{"line":71,"column":44},"end":{"line":71,"column":67}},{"start":{"line":71,"column":67},"end":{"line":71,"column":73}}],"line":71},"16":{"loc":{"start":{"line":73,"column":2},"end":{"line":75,"column":null}},"type":"if","locations":[{"start":{"line":73,"column":2},"end":{"line":75,"column":null}},{"start":{},"end":{}}],"line":73},"17":{"loc":{"start":{"line":84,"column":2},"end":{"line":90,"column":null}},"type":"if","locations":[{"start":{"line":84,"column":2},"end":{"line":90,"column":null}},{"start":{"line":87,"column":2},"end":{"line":90,"column":null}}],"line":84},"18":{"loc":{"start":{"line":87,"column":2},"end":{"line":90,"column":null}},"type":"if","locations":[{"start":{"line":87,"column":2},"end":{"line":90,"column":null}},{"start":{},"end":{}}],"line":87}},"s":{"0":2,"1":8,"2":1,"3":7,"4":7,"5":7,"6":15,"7":7,"8":6,"9":6,"10":6,"11":7,"12":7,"13":6,"14":6,"15":1,"16":0,"17":1,"18":0,"19":7,"20":7,"21":7,"22":7,"23":1,"24":1,"25":6,"26":5,"27":1,"28":0,"29":7,"30":7,"31":1,"32":1,"33":6,"34":6,"35":6,"36":7,"37":3,"38":7,"39":8,"40":8,"41":5,"42":7,"43":7,"44":7,"45":7,"46":2,"47":2,"48":5,"49":4,"50":4,"51":7},"f":{"0":8,"1":15},"b":{"0":[1,7],"1":[6,1],"2":[6,1],"3":[0,1],"4":[0,1],"5":[7,0],"6":[1,6],"7":[7,7],"8":[5,1],"9":[0,1],"10":[1,6],"11":[7,2],"12":[6,0],"13":[3,4],"14":[7,3],"15":[7,0],"16":[5,3],"17":[2,5],"18":[4,1]},"meta":{"lastBranch":19,"lastFunction":2,"lastStatement":52,"seen":{"s:10:38:98:Infinity":0,"f:10:38:10:39":0,"b:11:2:13:Infinity:undefined:undefined:undefined:undefined":0,"s:11:2:13:Infinity":1,"s:12:6:12:Infinity":2,"s:15:17:15:Infinity":3,"s:16:28:16:Infinity":4,"s:19:26:19:Infinity":5,"f:19:46:19:51":1,"s:19:51:19:78":6,"b:20:2:24:Infinity:undefined:undefined:undefined:undefined":1,"s:20:2:24:Infinity":7,"s:21:28:21:Infinity":8,"s:22:6:22:Infinity":9,"s:23:6:23:Infinity":10,"s:27:18:27:Infinity":11,"b:28:2:35:Infinity:31:2:35:Infinity":2,"s:28:2:35:Infinity":12,"s:29:6:29:Infinity":13,"s:30:6:30:Infinity":14,"b:31:2:35:Infinity:33:2:35:Infinity":3,"s:31:2:35:Infinity":15,"s:32:6:32:Infinity":16,"b:33:2:35:Infinity:undefined:undefined:undefined:undefined":4,"s:33:2:35:Infinity":17,"s:34:6:34:Infinity":18,"b:38:2:41:Infinity:undefined:undefined:undefined:undefined":5,"s:38:2:41:Infinity":19,"s:39:6:39:Infinity":20,"s:40:6:40:Infinity":21,"b:44:2:51:Infinity:47:2:51:Infinity":6,"s:44:2:51:Infinity":22,"b:44:6:44:33:44:33:44:54":7,"s:45:6:45:Infinity":23,"s:46:6:46:Infinity":24,"b:47:2:51:Infinity:49:2:51:Infinity":8,"s:47:2:51:Infinity":25,"s:48:6:48:Infinity":26,"b:49:2:51:Infinity:undefined:undefined:undefined:undefined":9,"s:49:2:51:Infinity":27,"s:50:6:50:Infinity":28,"s:55:19:55:Infinity":29,"b:56:2:62:Infinity:59:2:62:Infinity":10,"s:56:2:62:Infinity":30,"b:56:6:56:24:56:24:56:43":11,"s:57:6:57:Infinity":31,"s:58:6:58:Infinity":32,"b:59:2:62:Infinity:undefined:undefined:undefined:undefined":12,"s:59:2:62:Infinity":33,"s:60:6:60:Infinity":34,"s:61:6:61:Infinity":35,"b:65:2:67:Infinity:undefined:undefined:undefined:undefined":13,"s:65:2:67:Infinity":36,"b:65:6:65:31:65:31:65:57":14,"s:66:6:66:Infinity":37,"s:71:8:71:Infinity":38,"b:71:44:71:67:71:67:71:73":15,"s:72:2:72:Infinity":39,"b:73:2:75:Infinity:undefined:undefined:undefined:undefined":16,"s:73:2:75:Infinity":40,"s:74:6:74:Infinity":41,"s:78:21:78:Infinity":42,"s:81:14:81:Infinity":43,"s:82:19:82:Infinity":44,"b:84:2:90:Infinity:87:2:90:Infinity":17,"s:84:2:90:Infinity":45,"s:85:6:85:Infinity":46,"s:86:6:86:Infinity":47,"b:87:2:90:Infinity:undefined:undefined:undefined:undefined":18,"s:87:2:90:Infinity":48,"s:88:6:88:Infinity":49,"s:89:6:89:Infinity":50,"s:92:2:97:Infinity":51}}}
}
